<?xml version="1.0" encoding="UTF-8"?>
<coverage generated="1605727751989" clover="3.2.0">
  <project timestamp="1605727751989" name="All files">
    <metrics statements="112" coveredstatements="7" conditionals="40" coveredconditionals="4" methods="18" coveredmethods="1" elements="170" coveredelements="12" complexity="0" loc="112" ncloc="112" packages="1" files="1" classes="1"/>
    <file name="index.js" path="C:\Users\ESTEFANIA\Desktop\OBL2FIS\src\index.js">
      <metrics statements="112" coveredstatements="7" conditionals="40" coveredconditionals="4" methods="18" coveredmethods="1"/>
      <line num="3" count="0" type="stmt"/>
      <line num="4" count="0" type="stmt"/>
      <line num="10" count="0" type="stmt"/>
      <line num="11" count="0" type="stmt"/>
      <line num="17" count="0" type="stmt"/>
      <line num="18" count="0" type="stmt"/>
      <line num="24" count="3" type="cond" truecount="4" falsecount="0"/>
      <line num="25" count="2" type="stmt"/>
      <line num="27" count="1" type="stmt"/>
      <line num="29" count="3" type="stmt"/>
      <line num="33" count="0" type="stmt"/>
      <line num="34" count="0" type="stmt"/>
      <line num="36" count="0" type="cond" truecount="0" falsecount="2"/>
      <line num="37" count="0" type="stmt"/>
      <line num="38" count="0" type="stmt"/>
      <line num="40" count="0" type="cond" truecount="0" falsecount="2"/>
      <line num="41" count="0" type="stmt"/>
      <line num="43" count="0" type="cond" truecount="0" falsecount="2"/>
      <line num="44" count="0" type="stmt"/>
      <line num="47" count="0" type="stmt"/>
      <line num="50" count="0" type="stmt"/>
      <line num="53" count="0" type="cond" truecount="0" falsecount="2"/>
      <line num="54" count="0" type="stmt"/>
      <line num="55" count="0" type="stmt"/>
      <line num="57" count="0" type="stmt"/>
      <line num="58" count="0" type="cond" truecount="0" falsecount="2"/>
      <line num="59" count="0" type="stmt"/>
      <line num="61" count="0" type="stmt"/>
      <line num="64" count="0" type="stmt"/>
      <line num="69" count="0" type="stmt"/>
      <line num="70" count="0" type="cond" truecount="0" falsecount="4"/>
      <line num="71" count="0" type="stmt"/>
      <line num="72" count="0" type="stmt"/>
      <line num="75" count="0" type="stmt"/>
      <line num="76" count="0" type="stmt"/>
      <line num="77" count="0" type="stmt"/>
      <line num="78" count="0" type="stmt"/>
      <line num="79" count="0" type="cond" truecount="0" falsecount="2"/>
      <line num="80" count="0" type="stmt"/>
      <line num="81" count="0" type="stmt"/>
      <line num="85" count="0" type="cond" truecount="0" falsecount="2"/>
      <line num="86" count="0" type="stmt"/>
      <line num="87" count="0" type="stmt"/>
      <line num="89" count="0" type="stmt"/>
      <line num="96" count="0" type="stmt"/>
      <line num="98" count="0" type="cond" truecount="0" falsecount="4"/>
      <line num="99" count="0" type="stmt"/>
      <line num="100" count="0" type="stmt"/>
      <line num="103" count="0" type="stmt"/>
      <line num="104" count="0" type="stmt"/>
      <line num="106" count="0" type="stmt"/>
      <line num="107" count="0" type="stmt"/>
      <line num="108" count="0" type="cond" truecount="0" falsecount="2"/>
      <line num="109" count="0" type="stmt"/>
      <line num="110" count="0" type="stmt"/>
      <line num="114" count="0" type="cond" truecount="0" falsecount="2"/>
      <line num="115" count="0" type="stmt"/>
      <line num="116" count="0" type="stmt"/>
      <line num="118" count="0" type="stmt"/>
      <line num="124" count="1" type="stmt"/>
      <line num="125" count="0" type="stmt"/>
      <line num="126" count="0" type="stmt"/>
      <line num="127" count="0" type="stmt"/>
      <line num="128" count="0" type="stmt"/>
      <line num="133" count="1" type="stmt"/>
      <line num="134" count="0" type="stmt"/>
      <line num="135" count="0" type="stmt"/>
      <line num="136" count="0" type="stmt"/>
      <line num="137" count="0" type="stmt"/>
      <line num="142" count="0" type="stmt"/>
      <line num="143" count="0" type="stmt"/>
      <line num="144" count="0" type="cond" truecount="0" falsecount="2"/>
      <line num="145" count="0" type="stmt"/>
      <line num="147" count="0" type="cond" truecount="0" falsecount="2"/>
      <line num="148" count="0" type="stmt"/>
      <line num="151" count="0" type="stmt"/>
      <line num="153" count="0" type="stmt"/>
      <line num="154" count="0" type="stmt"/>
      <line num="155" count="0" type="stmt"/>
      <line num="160" count="0" type="stmt"/>
      <line num="161" count="0" type="stmt"/>
      <line num="162" count="0" type="cond" truecount="0" falsecount="4"/>
      <line num="163" count="0" type="stmt"/>
      <line num="165" count="0" type="stmt"/>
      <line num="166" count="0" type="stmt"/>
      <line num="167" count="0" type="stmt"/>
      <line num="168" count="0" type="stmt"/>
      <line num="169" count="0" type="stmt"/>
      <line num="175" count="0" type="stmt"/>
      <line num="176" count="0" type="stmt"/>
      <line num="177" count="0" type="stmt"/>
      <line num="181" count="0" type="stmt"/>
      <line num="182" count="0" type="stmt"/>
      <line num="183" count="0" type="stmt"/>
      <line num="184" count="0" type="cond" truecount="0" falsecount="2"/>
      <line num="185" count="0" type="stmt"/>
      <line num="191" count="0" type="stmt"/>
      <line num="195" count="0" type="stmt"/>
      <line num="196" count="0" type="stmt"/>
      <line num="197" count="0" type="stmt"/>
      <line num="198" count="0" type="stmt"/>
      <line num="200" count="0" type="stmt"/>
      <line num="201" count="0" type="stmt"/>
      <line num="202" count="0" type="stmt"/>
      <line num="203" count="0" type="stmt"/>
      <line num="205" count="0" type="stmt"/>
      <line num="206" count="0" type="stmt"/>
      <line num="207" count="0" type="stmt"/>
      <line num="208" count="0" type="stmt"/>
      <line num="209" count="0" type="stmt"/>
      <line num="210" count="0" type="stmt"/>
      <line num="213" count="1" type="stmt"/>
    </file>
  </project>
</coverage>
