{"C:\\Users\\ESTEFANIA\\Desktop\\OBL2FIS\\src\\index.js": {"path":"C:\\Users\\ESTEFANIA\\Desktop\\OBL2FIS\\src\\index.js","statementMap":{"0":{"start":{"line":3,"column":4},"end":{"line":3,"column":19}},"1":{"start":{"line":4,"column":4},"end":{"line":4,"column":35}},"2":{"start":{"line":10,"column":4},"end":{"line":10,"column":27}},"3":{"start":{"line":11,"column":4},"end":{"line":11,"column":39}},"4":{"start":{"line":17,"column":4},"end":{"line":17,"column":31}},"5":{"start":{"line":18,"column":4},"end":{"line":18,"column":21}},"6":{"start":{"line":24,"column":2},"end":{"line":28,"column":3}},"7":{"start":{"line":25,"column":4},"end":{"line":25,"column":20}},"8":{"start":{"line":27,"column":4},"end":{"line":27,"column":19}},"9":{"start":{"line":29,"column":2},"end":{"line":29,"column":17}},"10":{"start":{"line":33,"column":20},"end":{"line":33,"column":63}},"11":{"start":{"line":34,"column":2},"end":{"line":34,"column":38}},"12":{"start":{"line":36,"column":2},"end":{"line":51,"column":3}},"13":{"start":{"line":37,"column":24},"end":{"line":37,"column":66}},"14":{"start":{"line":38,"column":17},"end":{"line":38,"column":45}},"15":{"start":{"line":40,"column":4},"end":{"line":48,"column":5}},"16":{"start":{"line":41,"column":6},"end":{"line":41,"column":33}},"17":{"start":{"line":43,"column":6},"end":{"line":45,"column":7}},"18":{"start":{"line":44,"column":8},"end":{"line":44,"column":36}},"19":{"start":{"line":47,"column":6},"end":{"line":47,"column":54}},"20":{"start":{"line":50,"column":4},"end":{"line":50,"column":48}},"21":{"start":{"line":53,"column":2},"end":{"line":63,"column":3}},"22":{"start":{"line":54,"column":25},"end":{"line":54,"column":56}},"23":{"start":{"line":55,"column":23},"end":{"line":55,"column":55}},"24":{"start":{"line":57,"column":19},"end":{"line":57,"column":61}},"25":{"start":{"line":58,"column":4},"end":{"line":62,"column":5}},"26":{"start":{"line":59,"column":6},"end":{"line":59,"column":47}},"27":{"start":{"line":61,"column":6},"end":{"line":61,"column":51}},"28":{"start":{"line":64,"column":2},"end":{"line":64,"column":16}},"29":{"start":{"line":69,"column":2},"end":{"line":69,"column":52}},"30":{"start":{"line":70,"column":2},"end":{"line":91,"column":3}},"31":{"start":{"line":71,"column":4},"end":{"line":71,"column":54}},"32":{"start":{"line":72,"column":4},"end":{"line":72,"column":17}},"33":{"start":{"line":75,"column":14},"end":{"line":75,"column":59}},"34":{"start":{"line":76,"column":4},"end":{"line":76,"column":80}},"35":{"start":{"line":77,"column":4},"end":{"line":77,"column":31}},"36":{"start":{"line":78,"column":4},"end":{"line":83,"column":5}},"37":{"start":{"line":78,"column":17},"end":{"line":78,"column":18}},"38":{"start":{"line":79,"column":6},"end":{"line":82,"column":7}},"39":{"start":{"line":80,"column":8},"end":{"line":80,"column":34}},"40":{"start":{"line":81,"column":8},"end":{"line":81,"column":14}},"41":{"start":{"line":85,"column":4},"end":{"line":90,"column":5}},"42":{"start":{"line":86,"column":6},"end":{"line":86,"column":59}},"43":{"start":{"line":87,"column":6},"end":{"line":87,"column":19}},"44":{"start":{"line":89,"column":6},"end":{"line":89,"column":18}},"45":{"start":{"line":96,"column":2},"end":{"line":96,"column":53}},"46":{"start":{"line":98,"column":2},"end":{"line":120,"column":3}},"47":{"start":{"line":99,"column":4},"end":{"line":99,"column":42}},"48":{"start":{"line":100,"column":4},"end":{"line":100,"column":17}},"49":{"start":{"line":103,"column":14},"end":{"line":103,"column":59}},"50":{"start":{"line":104,"column":4},"end":{"line":104,"column":45}},"51":{"start":{"line":106,"column":4},"end":{"line":106,"column":31}},"52":{"start":{"line":107,"column":4},"end":{"line":112,"column":5}},"53":{"start":{"line":107,"column":17},"end":{"line":107,"column":18}},"54":{"start":{"line":108,"column":6},"end":{"line":111,"column":7}},"55":{"start":{"line":109,"column":8},"end":{"line":109,"column":34}},"56":{"start":{"line":110,"column":8},"end":{"line":110,"column":14}},"57":{"start":{"line":114,"column":4},"end":{"line":119,"column":5}},"58":{"start":{"line":115,"column":6},"end":{"line":115,"column":57}},"59":{"start":{"line":116,"column":6},"end":{"line":116,"column":19}},"60":{"start":{"line":118,"column":6},"end":{"line":118,"column":18}},"61":{"start":{"line":124,"column":16},"end":{"line":130,"column":1}},"62":{"start":{"line":125,"column":17},"end":{"line":125,"column":33}},"63":{"start":{"line":126,"column":2},"end":{"line":126,"column":46}},"64":{"start":{"line":127,"column":2},"end":{"line":129,"column":5}},"65":{"start":{"line":128,"column":4},"end":{"line":128,"column":24}},"66":{"start":{"line":133,"column":17},"end":{"line":139,"column":1}},"67":{"start":{"line":134,"column":17},"end":{"line":134,"column":33}},"68":{"start":{"line":135,"column":2},"end":{"line":135,"column":46}},"69":{"start":{"line":136,"column":2},"end":{"line":138,"column":5}},"70":{"start":{"line":137,"column":4},"end":{"line":137,"column":28}},"71":{"start":{"line":142,"column":16},"end":{"line":142,"column":55}},"72":{"start":{"line":143,"column":24},"end":{"line":143,"column":66}},"73":{"start":{"line":144,"column":2},"end":{"line":146,"column":3}},"74":{"start":{"line":145,"column":4},"end":{"line":145,"column":25}},"75":{"start":{"line":147,"column":2},"end":{"line":156,"column":3}},"76":{"start":{"line":148,"column":4},"end":{"line":150,"column":6}},"77":{"start":{"line":151,"column":4},"end":{"line":151,"column":17}},"78":{"start":{"line":153,"column":4},"end":{"line":153,"column":34}},"79":{"start":{"line":154,"column":4},"end":{"line":154,"column":68}},"80":{"start":{"line":155,"column":4},"end":{"line":155,"column":16}},"81":{"start":{"line":160,"column":15},"end":{"line":160,"column":57}},"82":{"start":{"line":161,"column":13},"end":{"line":161,"column":14}},"83":{"start":{"line":162,"column":2},"end":{"line":171,"column":3}},"84":{"start":{"line":163,"column":4},"end":{"line":163,"column":68}},"85":{"start":{"line":165,"column":4},"end":{"line":165,"column":67}},"86":{"start":{"line":166,"column":4},"end":{"line":170,"column":5}},"87":{"start":{"line":167,"column":21},"end":{"line":167,"column":55}},"88":{"start":{"line":168,"column":6},"end":{"line":168,"column":59}},"89":{"start":{"line":169,"column":6},"end":{"line":169,"column":39}},"90":{"start":{"line":175,"column":2},"end":{"line":175,"column":23}},"91":{"start":{"line":176,"column":2},"end":{"line":176,"column":57}},"92":{"start":{"line":177,"column":2},"end":{"line":177,"column":27}},"93":{"start":{"line":181,"column":14},"end":{"line":181,"column":45}},"94":{"start":{"line":182,"column":2},"end":{"line":182,"column":32}},"95":{"start":{"line":183,"column":2},"end":{"line":187,"column":4}},"96":{"start":{"line":184,"column":4},"end":{"line":186,"column":5}},"97":{"start":{"line":185,"column":6},"end":{"line":185,"column":35}},"98":{"start":{"line":191,"column":2},"end":{"line":191,"column":57}},"99":{"start":{"line":195,"column":15},"end":{"line":195,"column":57}},"100":{"start":{"line":196,"column":20},"end":{"line":196,"column":45}},"101":{"start":{"line":197,"column":19},"end":{"line":197,"column":43}},"102":{"start":{"line":198,"column":2},"end":{"line":198,"column":49}},"103":{"start":{"line":200,"column":20},"end":{"line":200,"column":68}},"104":{"start":{"line":201,"column":2},"end":{"line":201,"column":38}},"105":{"start":{"line":202,"column":13},"end":{"line":202,"column":45}},"106":{"start":{"line":203,"column":2},"end":{"line":203,"column":22}},"107":{"start":{"line":205,"column":14},"end":{"line":205,"column":46}},"108":{"start":{"line":206,"column":2},"end":{"line":206,"column":28}},"109":{"start":{"line":207,"column":2},"end":{"line":207,"column":30}},"110":{"start":{"line":208,"column":2},"end":{"line":208,"column":22}},"111":{"start":{"line":209,"column":2},"end":{"line":209,"column":28}},"112":{"start":{"line":210,"column":2},"end":{"line":210,"column":26}},"113":{"start":{"line":213,"column":0},"end":{"line":226,"column":2}}},"fnMap":{"0":{"name":"(anonymous_0)","decl":{"start":{"line":2,"column":2},"end":{"line":2,"column":3}},"loc":{"start":{"line":2,"column":32},"end":{"line":5,"column":3}},"line":2},"1":{"name":"(anonymous_1)","decl":{"start":{"line":9,"column":2},"end":{"line":9,"column":3}},"loc":{"start":{"line":9,"column":38},"end":{"line":12,"column":3}},"line":9},"2":{"name":"(anonymous_2)","decl":{"start":{"line":16,"column":2},"end":{"line":16,"column":3}},"loc":{"start":{"line":16,"column":31},"end":{"line":19,"column":3}},"line":16},"3":{"name":"validarString","decl":{"start":{"line":22,"column":9},"end":{"line":22,"column":22}},"loc":{"start":{"line":22,"column":33},"end":{"line":30,"column":1}},"line":22},"4":{"name":"validateForm","decl":{"start":{"line":32,"column":9},"end":{"line":32,"column":21}},"loc":{"start":{"line":32,"column":24},"end":{"line":65,"column":1}},"line":32},"5":{"name":"validateFileTab","decl":{"start":{"line":67,"column":9},"end":{"line":67,"column":24}},"loc":{"start":{"line":67,"column":27},"end":{"line":92,"column":1}},"line":67},"6":{"name":"validateFileSong","decl":{"start":{"line":94,"column":9},"end":{"line":94,"column":25}},"loc":{"start":{"line":94,"column":28},"end":{"line":121,"column":1}},"line":94},"7":{"name":"(anonymous_7)","decl":{"start":{"line":124,"column":16},"end":{"line":124,"column":17}},"loc":{"start":{"line":124,"column":33},"end":{"line":130,"column":1}},"line":124},"8":{"name":"(anonymous_8)","decl":{"start":{"line":127,"column":34},"end":{"line":127,"column":35}},"loc":{"start":{"line":127,"column":40},"end":{"line":129,"column":3}},"line":127},"9":{"name":"(anonymous_9)","decl":{"start":{"line":133,"column":17},"end":{"line":133,"column":18}},"loc":{"start":{"line":133,"column":34},"end":{"line":139,"column":1}},"line":133},"10":{"name":"(anonymous_10)","decl":{"start":{"line":136,"column":34},"end":{"line":136,"column":35}},"loc":{"start":{"line":136,"column":40},"end":{"line":138,"column":3}},"line":136},"11":{"name":"agregarClase","decl":{"start":{"line":141,"column":9},"end":{"line":141,"column":21}},"loc":{"start":{"line":141,"column":52},"end":{"line":157,"column":1}},"line":141},"12":{"name":"listarClases","decl":{"start":{"line":159,"column":9},"end":{"line":159,"column":21}},"loc":{"start":{"line":159,"column":24},"end":{"line":172,"column":1}},"line":159},"13":{"name":"borrarClases","decl":{"start":{"line":174,"column":9},"end":{"line":174,"column":21}},"loc":{"start":{"line":174,"column":24},"end":{"line":178,"column":1}},"line":174},"14":{"name":"modalClases","decl":{"start":{"line":180,"column":9},"end":{"line":180,"column":20}},"loc":{"start":{"line":180,"column":23},"end":{"line":188,"column":1}},"line":180},"15":{"name":"(anonymous_15)","decl":{"start":{"line":183,"column":19},"end":{"line":183,"column":20}},"loc":{"start":{"line":183,"column":36},"end":{"line":187,"column":3}},"line":183},"16":{"name":"cerrarModal","decl":{"start":{"line":190,"column":9},"end":{"line":190,"column":20}},"loc":{"start":{"line":190,"column":23},"end":{"line":192,"column":1}},"line":190},"17":{"name":"mostrarClase","decl":{"start":{"line":194,"column":9},"end":{"line":194,"column":21}},"loc":{"start":{"line":194,"column":27},"end":{"line":211,"column":1}},"line":194}},"branchMap":{"0":{"loc":{"start":{"line":24,"column":2},"end":{"line":28,"column":3}},"type":"if","locations":[{"start":{"line":24,"column":2},"end":{"line":28,"column":3}},{"start":{"line":24,"column":2},"end":{"line":28,"column":3}}],"line":24},"1":{"loc":{"start":{"line":24,"column":6},"end":{"line":24,"column":40}},"type":"binary-expr","locations":[{"start":{"line":24,"column":6},"end":{"line":24,"column":20}},{"start":{"line":24,"column":24},"end":{"line":24,"column":40}}],"line":24},"2":{"loc":{"start":{"line":36,"column":2},"end":{"line":51,"column":3}},"type":"if","locations":[{"start":{"line":36,"column":2},"end":{"line":51,"column":3}},{"start":{"line":36,"column":2},"end":{"line":51,"column":3}}],"line":36},"3":{"loc":{"start":{"line":40,"column":4},"end":{"line":48,"column":5}},"type":"if","locations":[{"start":{"line":40,"column":4},"end":{"line":48,"column":5}},{"start":{"line":40,"column":4},"end":{"line":48,"column":5}}],"line":40},"4":{"loc":{"start":{"line":43,"column":6},"end":{"line":45,"column":7}},"type":"if","locations":[{"start":{"line":43,"column":6},"end":{"line":45,"column":7}},{"start":{"line":43,"column":6},"end":{"line":45,"column":7}}],"line":43},"5":{"loc":{"start":{"line":53,"column":2},"end":{"line":63,"column":3}},"type":"if","locations":[{"start":{"line":53,"column":2},"end":{"line":63,"column":3}},{"start":{"line":53,"column":2},"end":{"line":63,"column":3}}],"line":53},"6":{"loc":{"start":{"line":58,"column":4},"end":{"line":62,"column":5}},"type":"if","locations":[{"start":{"line":58,"column":4},"end":{"line":62,"column":5}},{"start":{"line":58,"column":4},"end":{"line":62,"column":5}}],"line":58},"7":{"loc":{"start":{"line":70,"column":2},"end":{"line":91,"column":3}},"type":"if","locations":[{"start":{"line":70,"column":2},"end":{"line":91,"column":3}},{"start":{"line":70,"column":2},"end":{"line":91,"column":3}}],"line":70},"8":{"loc":{"start":{"line":70,"column":6},"end":{"line":70,"column":26}},"type":"binary-expr","locations":[{"start":{"line":70,"column":6},"end":{"line":70,"column":13}},{"start":{"line":70,"column":17},"end":{"line":70,"column":26}}],"line":70},"9":{"loc":{"start":{"line":79,"column":6},"end":{"line":82,"column":7}},"type":"if","locations":[{"start":{"line":79,"column":6},"end":{"line":82,"column":7}},{"start":{"line":79,"column":6},"end":{"line":82,"column":7}}],"line":79},"10":{"loc":{"start":{"line":85,"column":4},"end":{"line":90,"column":5}},"type":"if","locations":[{"start":{"line":85,"column":4},"end":{"line":90,"column":5}},{"start":{"line":85,"column":4},"end":{"line":90,"column":5}}],"line":85},"11":{"loc":{"start":{"line":98,"column":2},"end":{"line":120,"column":3}},"type":"if","locations":[{"start":{"line":98,"column":2},"end":{"line":120,"column":3}},{"start":{"line":98,"column":2},"end":{"line":120,"column":3}}],"line":98},"12":{"loc":{"start":{"line":98,"column":6},"end":{"line":98,"column":26}},"type":"binary-expr","locations":[{"start":{"line":98,"column":6},"end":{"line":98,"column":13}},{"start":{"line":98,"column":17},"end":{"line":98,"column":26}}],"line":98},"13":{"loc":{"start":{"line":108,"column":6},"end":{"line":111,"column":7}},"type":"if","locations":[{"start":{"line":108,"column":6},"end":{"line":111,"column":7}},{"start":{"line":108,"column":6},"end":{"line":111,"column":7}}],"line":108},"14":{"loc":{"start":{"line":114,"column":4},"end":{"line":119,"column":5}},"type":"if","locations":[{"start":{"line":114,"column":4},"end":{"line":119,"column":5}},{"start":{"line":114,"column":4},"end":{"line":119,"column":5}}],"line":114},"15":{"loc":{"start":{"line":144,"column":2},"end":{"line":146,"column":3}},"type":"if","locations":[{"start":{"line":144,"column":2},"end":{"line":146,"column":3}},{"start":{"line":144,"column":2},"end":{"line":146,"column":3}}],"line":144},"16":{"loc":{"start":{"line":147,"column":2},"end":{"line":156,"column":3}},"type":"if","locations":[{"start":{"line":147,"column":2},"end":{"line":156,"column":3}},{"start":{"line":147,"column":2},"end":{"line":156,"column":3}}],"line":147},"17":{"loc":{"start":{"line":162,"column":2},"end":{"line":171,"column":3}},"type":"if","locations":[{"start":{"line":162,"column":2},"end":{"line":171,"column":3}},{"start":{"line":162,"column":2},"end":{"line":171,"column":3}}],"line":162},"18":{"loc":{"start":{"line":162,"column":6},"end":{"line":162,"column":42}},"type":"binary-expr","locations":[{"start":{"line":162,"column":6},"end":{"line":162,"column":20}},{"start":{"line":162,"column":24},"end":{"line":162,"column":42}}],"line":162},"19":{"loc":{"start":{"line":184,"column":4},"end":{"line":186,"column":5}},"type":"if","locations":[{"start":{"line":184,"column":4},"end":{"line":186,"column":5}},{"start":{"line":184,"column":4},"end":{"line":186,"column":5}}],"line":184}},"s":{"0":0,"1":0,"2":0,"3":0,"4":0,"5":0,"6":3,"7":2,"8":1,"9":3,"10":0,"11":0,"12":0,"13":0,"14":0,"15":0,"16":0,"17":0,"18":0,"19":0,"20":0,"21":0,"22":0,"23":0,"24":0,"25":0,"26":0,"27":0,"28":0,"29":0,"30":0,"31":0,"32":0,"33":0,"34":0,"35":0,"36":0,"37":0,"38":0,"39":0,"40":0,"41":0,"42":0,"43":0,"44":0,"45":0,"46":0,"47":0,"48":0,"49":0,"50":0,"51":0,"52":0,"53":0,"54":0,"55":0,"56":0,"57":0,"58":0,"59":0,"60":0,"61":1,"62":0,"63":0,"64":0,"65":0,"66":1,"67":0,"68":0,"69":0,"70":0,"71":0,"72":0,"73":0,"74":0,"75":0,"76":0,"77":0,"78":0,"79":0,"80":0,"81":0,"82":0,"83":0,"84":0,"85":0,"86":0,"87":0,"88":0,"89":0,"90":0,"91":0,"92":0,"93":0,"94":0,"95":0,"96":0,"97":0,"98":0,"99":0,"100":0,"101":0,"102":0,"103":0,"104":0,"105":0,"106":0,"107":0,"108":0,"109":0,"110":0,"111":0,"112":0,"113":1},"f":{"0":0,"1":0,"2":0,"3":3,"4":0,"5":0,"6":0,"7":0,"8":0,"9":0,"10":0,"11":0,"12":0,"13":0,"14":0,"15":0,"16":0,"17":0},"b":{"0":[2,1],"1":[3,2],"2":[0,0],"3":[0,0],"4":[0,0],"5":[0,0],"6":[0,0],"7":[0,0],"8":[0,0],"9":[0,0],"10":[0,0],"11":[0,0],"12":[0,0],"13":[0,0],"14":[0,0],"15":[0,0],"16":[0,0],"17":[0,0],"18":[0,0],"19":[0,0]},"_coverageSchema":"1a1c01bbd47fc00a2c39e90264f33305004495a9","hash":"39b8b5b611f51b11eda7aa5438b780b6d4d03a62"}
}
