{"C:\\Users\\ESTEFANIA\\Desktop\\OBL2FIS\\src\\index.js": {"path":"C:\\Users\\ESTEFANIA\\Desktop\\OBL2FIS\\src\\index.js","statementMap":{"0":{"start":{"line":3,"column":4},"end":{"line":3,"column":19}},"1":{"start":{"line":4,"column":4},"end":{"line":4,"column":35}},"2":{"start":{"line":10,"column":4},"end":{"line":10,"column":27}},"3":{"start":{"line":11,"column":4},"end":{"line":11,"column":39}},"4":{"start":{"line":17,"column":4},"end":{"line":17,"column":31}},"5":{"start":{"line":18,"column":4},"end":{"line":18,"column":21}},"6":{"start":{"line":24,"column":2},"end":{"line":28,"column":3}},"7":{"start":{"line":25,"column":4},"end":{"line":25,"column":20}},"8":{"start":{"line":27,"column":4},"end":{"line":27,"column":19}},"9":{"start":{"line":29,"column":2},"end":{"line":29,"column":17}},"10":{"start":{"line":33,"column":20},"end":{"line":33,"column":63}},"11":{"start":{"line":34,"column":2},"end":{"line":34,"column":38}},"12":{"start":{"line":36,"column":2},"end":{"line":55,"column":3}},"13":{"start":{"line":37,"column":24},"end":{"line":37,"column":66}},"14":{"start":{"line":38,"column":17},"end":{"line":38,"column":45}},"15":{"start":{"line":40,"column":4},"end":{"line":52,"column":5}},"16":{"start":{"line":42,"column":6},"end":{"line":42,"column":65}},"17":{"start":{"line":43,"column":6},"end":{"line":43,"column":43}},"18":{"start":{"line":45,"column":6},"end":{"line":49,"column":7}},"19":{"start":{"line":47,"column":8},"end":{"line":47,"column":72}},"20":{"start":{"line":48,"column":8},"end":{"line":48,"column":50}},"21":{"start":{"line":51,"column":6},"end":{"line":51,"column":54}},"22":{"start":{"line":54,"column":4},"end":{"line":54,"column":48}},"23":{"start":{"line":57,"column":2},"end":{"line":64,"column":3}},"24":{"start":{"line":58,"column":19},"end":{"line":58,"column":73}},"25":{"start":{"line":59,"column":4},"end":{"line":63,"column":5}},"26":{"start":{"line":60,"column":6},"end":{"line":60,"column":47}},"27":{"start":{"line":62,"column":6},"end":{"line":62,"column":51}},"28":{"start":{"line":65,"column":2},"end":{"line":65,"column":16}},"29":{"start":{"line":70,"column":2},"end":{"line":91,"column":3}},"30":{"start":{"line":71,"column":4},"end":{"line":71,"column":54}},"31":{"start":{"line":72,"column":4},"end":{"line":72,"column":20}},"32":{"start":{"line":75,"column":14},"end":{"line":75,"column":77}},"33":{"start":{"line":76,"column":4},"end":{"line":76,"column":48}},"34":{"start":{"line":77,"column":4},"end":{"line":77,"column":31}},"35":{"start":{"line":78,"column":4},"end":{"line":83,"column":5}},"36":{"start":{"line":78,"column":17},"end":{"line":78,"column":18}},"37":{"start":{"line":79,"column":6},"end":{"line":82,"column":7}},"38":{"start":{"line":80,"column":8},"end":{"line":80,"column":34}},"39":{"start":{"line":81,"column":8},"end":{"line":81,"column":14}},"40":{"start":{"line":85,"column":4},"end":{"line":90,"column":5}},"41":{"start":{"line":86,"column":6},"end":{"line":86,"column":59}},"42":{"start":{"line":87,"column":6},"end":{"line":87,"column":22}},"43":{"start":{"line":89,"column":6},"end":{"line":89,"column":21}},"44":{"start":{"line":92,"column":2},"end":{"line":92,"column":17}},"45":{"start":{"line":97,"column":2},"end":{"line":121,"column":3}},"46":{"start":{"line":98,"column":4},"end":{"line":98,"column":42}},"47":{"start":{"line":99,"column":4},"end":{"line":99,"column":20}},"48":{"start":{"line":102,"column":14},"end":{"line":104,"column":20}},"49":{"start":{"line":105,"column":4},"end":{"line":105,"column":53}},"50":{"start":{"line":107,"column":4},"end":{"line":107,"column":31}},"51":{"start":{"line":108,"column":4},"end":{"line":113,"column":5}},"52":{"start":{"line":108,"column":17},"end":{"line":108,"column":18}},"53":{"start":{"line":109,"column":6},"end":{"line":112,"column":7}},"54":{"start":{"line":110,"column":8},"end":{"line":110,"column":34}},"55":{"start":{"line":111,"column":8},"end":{"line":111,"column":14}},"56":{"start":{"line":115,"column":4},"end":{"line":120,"column":5}},"57":{"start":{"line":116,"column":6},"end":{"line":116,"column":57}},"58":{"start":{"line":117,"column":6},"end":{"line":117,"column":22}},"59":{"start":{"line":119,"column":6},"end":{"line":119,"column":21}},"60":{"start":{"line":122,"column":2},"end":{"line":122,"column":17}},"61":{"start":{"line":126,"column":16},"end":{"line":132,"column":1}},"62":{"start":{"line":127,"column":17},"end":{"line":127,"column":33}},"63":{"start":{"line":128,"column":2},"end":{"line":128,"column":46}},"64":{"start":{"line":129,"column":2},"end":{"line":131,"column":5}},"65":{"start":{"line":130,"column":4},"end":{"line":130,"column":24}},"66":{"start":{"line":136,"column":17},"end":{"line":142,"column":1}},"67":{"start":{"line":137,"column":17},"end":{"line":137,"column":33}},"68":{"start":{"line":138,"column":2},"end":{"line":138,"column":46}},"69":{"start":{"line":139,"column":2},"end":{"line":141,"column":5}},"70":{"start":{"line":140,"column":4},"end":{"line":140,"column":28}},"71":{"start":{"line":145,"column":23},"end":{"line":145,"column":54}},"72":{"start":{"line":146,"column":21},"end":{"line":146,"column":53}},"73":{"start":{"line":147,"column":16},"end":{"line":147,"column":55}},"74":{"start":{"line":148,"column":24},"end":{"line":148,"column":66}},"75":{"start":{"line":149,"column":2},"end":{"line":151,"column":3}},"76":{"start":{"line":150,"column":4},"end":{"line":150,"column":25}},"77":{"start":{"line":152,"column":2},"end":{"line":161,"column":3}},"78":{"start":{"line":153,"column":4},"end":{"line":155,"column":6}},"79":{"start":{"line":156,"column":4},"end":{"line":156,"column":17}},"80":{"start":{"line":158,"column":4},"end":{"line":158,"column":34}},"81":{"start":{"line":159,"column":4},"end":{"line":159,"column":68}},"82":{"start":{"line":160,"column":4},"end":{"line":160,"column":16}},"83":{"start":{"line":165,"column":15},"end":{"line":165,"column":57}},"84":{"start":{"line":166,"column":13},"end":{"line":166,"column":14}},"85":{"start":{"line":167,"column":2},"end":{"line":176,"column":3}},"86":{"start":{"line":168,"column":4},"end":{"line":168,"column":68}},"87":{"start":{"line":170,"column":4},"end":{"line":170,"column":67}},"88":{"start":{"line":171,"column":4},"end":{"line":175,"column":5}},"89":{"start":{"line":172,"column":21},"end":{"line":172,"column":55}},"90":{"start":{"line":173,"column":6},"end":{"line":173,"column":59}},"91":{"start":{"line":174,"column":6},"end":{"line":174,"column":39}},"92":{"start":{"line":180,"column":2},"end":{"line":180,"column":23}},"93":{"start":{"line":181,"column":2},"end":{"line":181,"column":57}},"94":{"start":{"line":182,"column":2},"end":{"line":182,"column":27}},"95":{"start":{"line":186,"column":14},"end":{"line":186,"column":45}},"96":{"start":{"line":187,"column":2},"end":{"line":187,"column":32}},"97":{"start":{"line":188,"column":2},"end":{"line":192,"column":4}},"98":{"start":{"line":189,"column":4},"end":{"line":191,"column":5}},"99":{"start":{"line":190,"column":6},"end":{"line":190,"column":35}},"100":{"start":{"line":196,"column":2},"end":{"line":196,"column":57}},"101":{"start":{"line":200,"column":15},"end":{"line":200,"column":57}},"102":{"start":{"line":201,"column":20},"end":{"line":201,"column":45}},"103":{"start":{"line":202,"column":19},"end":{"line":202,"column":43}},"104":{"start":{"line":203,"column":2},"end":{"line":203,"column":49}},"105":{"start":{"line":205,"column":20},"end":{"line":205,"column":68}},"106":{"start":{"line":206,"column":2},"end":{"line":206,"column":38}},"107":{"start":{"line":207,"column":13},"end":{"line":207,"column":45}},"108":{"start":{"line":208,"column":2},"end":{"line":208,"column":22}},"109":{"start":{"line":210,"column":14},"end":{"line":210,"column":46}},"110":{"start":{"line":211,"column":2},"end":{"line":211,"column":28}},"111":{"start":{"line":212,"column":2},"end":{"line":212,"column":30}},"112":{"start":{"line":213,"column":2},"end":{"line":213,"column":22}},"113":{"start":{"line":214,"column":2},"end":{"line":214,"column":28}},"114":{"start":{"line":215,"column":2},"end":{"line":215,"column":26}},"115":{"start":{"line":218,"column":0},"end":{"line":231,"column":2}}},"fnMap":{"0":{"name":"(anonymous_0)","decl":{"start":{"line":2,"column":2},"end":{"line":2,"column":3}},"loc":{"start":{"line":2,"column":32},"end":{"line":5,"column":3}},"line":2},"1":{"name":"(anonymous_1)","decl":{"start":{"line":9,"column":2},"end":{"line":9,"column":3}},"loc":{"start":{"line":9,"column":38},"end":{"line":12,"column":3}},"line":9},"2":{"name":"(anonymous_2)","decl":{"start":{"line":16,"column":2},"end":{"line":16,"column":3}},"loc":{"start":{"line":16,"column":31},"end":{"line":19,"column":3}},"line":16},"3":{"name":"validarString","decl":{"start":{"line":22,"column":9},"end":{"line":22,"column":22}},"loc":{"start":{"line":22,"column":33},"end":{"line":30,"column":1}},"line":22},"4":{"name":"validateForm","decl":{"start":{"line":32,"column":9},"end":{"line":32,"column":21}},"loc":{"start":{"line":32,"column":24},"end":{"line":66,"column":1}},"line":32},"5":{"name":"validateFileTab","decl":{"start":{"line":68,"column":9},"end":{"line":68,"column":24}},"loc":{"start":{"line":68,"column":37},"end":{"line":93,"column":1}},"line":68},"6":{"name":"validateFileSong","decl":{"start":{"line":95,"column":9},"end":{"line":95,"column":25}},"loc":{"start":{"line":95,"column":42},"end":{"line":123,"column":1}},"line":95},"7":{"name":"(anonymous_7)","decl":{"start":{"line":126,"column":16},"end":{"line":126,"column":17}},"loc":{"start":{"line":126,"column":33},"end":{"line":132,"column":1}},"line":126},"8":{"name":"(anonymous_8)","decl":{"start":{"line":129,"column":34},"end":{"line":129,"column":35}},"loc":{"start":{"line":129,"column":40},"end":{"line":131,"column":3}},"line":129},"9":{"name":"(anonymous_9)","decl":{"start":{"line":136,"column":17},"end":{"line":136,"column":18}},"loc":{"start":{"line":136,"column":34},"end":{"line":142,"column":1}},"line":136},"10":{"name":"(anonymous_10)","decl":{"start":{"line":139,"column":34},"end":{"line":139,"column":35}},"loc":{"start":{"line":139,"column":40},"end":{"line":141,"column":3}},"line":139},"11":{"name":"agregarClase","decl":{"start":{"line":144,"column":9},"end":{"line":144,"column":21}},"loc":{"start":{"line":144,"column":64},"end":{"line":162,"column":1}},"line":144},"12":{"name":"listarClases","decl":{"start":{"line":164,"column":9},"end":{"line":164,"column":21}},"loc":{"start":{"line":164,"column":24},"end":{"line":177,"column":1}},"line":164},"13":{"name":"borrarClases","decl":{"start":{"line":179,"column":9},"end":{"line":179,"column":21}},"loc":{"start":{"line":179,"column":24},"end":{"line":183,"column":1}},"line":179},"14":{"name":"modalClases","decl":{"start":{"line":185,"column":9},"end":{"line":185,"column":20}},"loc":{"start":{"line":185,"column":23},"end":{"line":193,"column":1}},"line":185},"15":{"name":"(anonymous_15)","decl":{"start":{"line":188,"column":19},"end":{"line":188,"column":20}},"loc":{"start":{"line":188,"column":36},"end":{"line":192,"column":3}},"line":188},"16":{"name":"cerrarModal","decl":{"start":{"line":195,"column":9},"end":{"line":195,"column":20}},"loc":{"start":{"line":195,"column":23},"end":{"line":197,"column":1}},"line":195},"17":{"name":"mostrarClase","decl":{"start":{"line":199,"column":9},"end":{"line":199,"column":21}},"loc":{"start":{"line":199,"column":27},"end":{"line":216,"column":1}},"line":199}},"branchMap":{"0":{"loc":{"start":{"line":24,"column":2},"end":{"line":28,"column":3}},"type":"if","locations":[{"start":{"line":24,"column":2},"end":{"line":28,"column":3}},{"start":{"line":24,"column":2},"end":{"line":28,"column":3}}],"line":24},"1":{"loc":{"start":{"line":24,"column":6},"end":{"line":24,"column":40}},"type":"binary-expr","locations":[{"start":{"line":24,"column":6},"end":{"line":24,"column":20}},{"start":{"line":24,"column":24},"end":{"line":24,"column":40}}],"line":24},"2":{"loc":{"start":{"line":36,"column":2},"end":{"line":55,"column":3}},"type":"if","locations":[{"start":{"line":36,"column":2},"end":{"line":55,"column":3}},{"start":{"line":36,"column":2},"end":{"line":55,"column":3}}],"line":36},"3":{"loc":{"start":{"line":40,"column":4},"end":{"line":52,"column":5}},"type":"if","locations":[{"start":{"line":40,"column":4},"end":{"line":52,"column":5}},{"start":{"line":40,"column":4},"end":{"line":52,"column":5}}],"line":40},"4":{"loc":{"start":{"line":45,"column":6},"end":{"line":49,"column":7}},"type":"if","locations":[{"start":{"line":45,"column":6},"end":{"line":49,"column":7}},{"start":{"line":45,"column":6},"end":{"line":49,"column":7}}],"line":45},"5":{"loc":{"start":{"line":57,"column":2},"end":{"line":64,"column":3}},"type":"if","locations":[{"start":{"line":57,"column":2},"end":{"line":64,"column":3}},{"start":{"line":57,"column":2},"end":{"line":64,"column":3}}],"line":57},"6":{"loc":{"start":{"line":59,"column":4},"end":{"line":63,"column":5}},"type":"if","locations":[{"start":{"line":59,"column":4},"end":{"line":63,"column":5}},{"start":{"line":59,"column":4},"end":{"line":63,"column":5}}],"line":59},"7":{"loc":{"start":{"line":70,"column":2},"end":{"line":91,"column":3}},"type":"if","locations":[{"start":{"line":70,"column":2},"end":{"line":91,"column":3}},{"start":{"line":70,"column":2},"end":{"line":91,"column":3}}],"line":70},"8":{"loc":{"start":{"line":79,"column":6},"end":{"line":82,"column":7}},"type":"if","locations":[{"start":{"line":79,"column":6},"end":{"line":82,"column":7}},{"start":{"line":79,"column":6},"end":{"line":82,"column":7}}],"line":79},"9":{"loc":{"start":{"line":85,"column":4},"end":{"line":90,"column":5}},"type":"if","locations":[{"start":{"line":85,"column":4},"end":{"line":90,"column":5}},{"start":{"line":85,"column":4},"end":{"line":90,"column":5}}],"line":85},"10":{"loc":{"start":{"line":97,"column":2},"end":{"line":121,"column":3}},"type":"if","locations":[{"start":{"line":97,"column":2},"end":{"line":121,"column":3}},{"start":{"line":97,"column":2},"end":{"line":121,"column":3}}],"line":97},"11":{"loc":{"start":{"line":109,"column":6},"end":{"line":112,"column":7}},"type":"if","locations":[{"start":{"line":109,"column":6},"end":{"line":112,"column":7}},{"start":{"line":109,"column":6},"end":{"line":112,"column":7}}],"line":109},"12":{"loc":{"start":{"line":115,"column":4},"end":{"line":120,"column":5}},"type":"if","locations":[{"start":{"line":115,"column":4},"end":{"line":120,"column":5}},{"start":{"line":115,"column":4},"end":{"line":120,"column":5}}],"line":115},"13":{"loc":{"start":{"line":149,"column":2},"end":{"line":151,"column":3}},"type":"if","locations":[{"start":{"line":149,"column":2},"end":{"line":151,"column":3}},{"start":{"line":149,"column":2},"end":{"line":151,"column":3}}],"line":149},"14":{"loc":{"start":{"line":149,"column":6},"end":{"line":149,"column":54}},"type":"binary-expr","locations":[{"start":{"line":149,"column":6},"end":{"line":149,"column":29}},{"start":{"line":149,"column":33},"end":{"line":149,"column":54}}],"line":149},"15":{"loc":{"start":{"line":152,"column":2},"end":{"line":161,"column":3}},"type":"if","locations":[{"start":{"line":152,"column":2},"end":{"line":161,"column":3}},{"start":{"line":152,"column":2},"end":{"line":161,"column":3}}],"line":152},"16":{"loc":{"start":{"line":167,"column":2},"end":{"line":176,"column":3}},"type":"if","locations":[{"start":{"line":167,"column":2},"end":{"line":176,"column":3}},{"start":{"line":167,"column":2},"end":{"line":176,"column":3}}],"line":167},"17":{"loc":{"start":{"line":167,"column":6},"end":{"line":167,"column":42}},"type":"binary-expr","locations":[{"start":{"line":167,"column":6},"end":{"line":167,"column":20}},{"start":{"line":167,"column":24},"end":{"line":167,"column":42}}],"line":167},"18":{"loc":{"start":{"line":189,"column":4},"end":{"line":191,"column":5}},"type":"if","locations":[{"start":{"line":189,"column":4},"end":{"line":191,"column":5}},{"start":{"line":189,"column":4},"end":{"line":191,"column":5}}],"line":189}},"s":{"0":1,"1":1,"2":1,"3":1,"4":1,"5":1,"6":7,"7":2,"8":5,"9":7,"10":0,"11":0,"12":0,"13":0,"14":0,"15":0,"16":0,"17":0,"18":0,"19":0,"20":0,"21":0,"22":0,"23":0,"24":0,"25":0,"26":0,"27":0,"28":0,"29":2,"30":0,"31":0,"32":2,"33":2,"34":2,"35":2,"36":2,"37":3,"38":2,"39":2,"40":2,"41":0,"42":0,"43":2,"44":2,"45":2,"46":0,"47":0,"48":2,"49":2,"50":2,"51":2,"52":2,"53":4,"54":2,"55":2,"56":2,"57":0,"58":0,"59":2,"60":2,"61":1,"62":0,"63":0,"64":0,"65":0,"66":1,"67":0,"68":0,"69":0,"70":0,"71":1,"72":1,"73":1,"74":1,"75":1,"76":1,"77":1,"78":0,"79":0,"80":1,"81":1,"82":1,"83":0,"84":0,"85":0,"86":0,"87":0,"88":0,"89":0,"90":0,"91":0,"92":0,"93":0,"94":0,"95":0,"96":0,"97":0,"98":0,"99":0,"100":0,"101":0,"102":0,"103":0,"104":0,"105":0,"106":0,"107":0,"108":0,"109":0,"110":0,"111":0,"112":0,"113":0,"114":0,"115":1},"f":{"0":1,"1":1,"2":1,"3":7,"4":0,"5":2,"6":2,"7":0,"8":0,"9":0,"10":0,"11":1,"12":0,"13":0,"14":0,"15":0,"16":0,"17":0},"b":{"0":[2,5],"1":[7,6],"2":[0,0],"3":[0,0],"4":[0,0],"5":[0,0],"6":[0,0],"7":[0,2],"8":[2,1],"9":[0,2],"10":[0,2],"11":[2,2],"12":[0,2],"13":[1,0],"14":[1,0],"15":[0,1],"16":[0,0],"17":[0,0],"18":[0,0]},"_coverageSchema":"1a1c01bbd47fc00a2c39e90264f33305004495a9","hash":"116ff4c2822814c7c65e2a353071d3eb8de6e9a5"}
}
