TN:
SF:src\index.js
FN:2,(anonymous_0)
FN:9,(anonymous_1)
FN:16,(anonymous_2)
FN:22,validarString
FN:32,validateForm
FN:68,validateFileTab
FN:95,validateFileSong
FN:126,(anonymous_7)
FN:129,(anonymous_8)
FN:136,(anonymous_9)
FN:139,(anonymous_10)
FN:144,agregarClase
FN:164,listarClases
FN:179,borrarClases
FN:185,modalClases
FN:188,(anonymous_15)
FN:195,cerrarModal
FN:199,mostrarClase
FNF:18
FNH:7
FNDA:1,(anonymous_0)
FNDA:1,(anonymous_1)
FNDA:1,(anonymous_2)
FNDA:7,validarString
FNDA:0,validateForm
FNDA:2,validateFileTab
FNDA:2,validateFileSong
FNDA:0,(anonymous_7)
FNDA:0,(anonymous_8)
FNDA:0,(anonymous_9)
FNDA:0,(anonymous_10)
FNDA:1,agregarClase
FNDA:0,listarClases
FNDA:0,borrarClases
FNDA:0,modalClases
FNDA:0,(anonymous_15)
FNDA:0,cerrarModal
FNDA:0,mostrarClase
DA:3,1
DA:4,1
DA:10,1
DA:11,1
DA:17,1
DA:18,1
DA:24,7
DA:25,2
DA:27,5
DA:29,7
DA:33,0
DA:34,0
DA:36,0
DA:37,0
DA:38,0
DA:40,0
DA:42,0
DA:43,0
DA:45,0
DA:47,0
DA:48,0
DA:51,0
DA:54,0
DA:57,0
DA:58,0
DA:59,0
DA:60,0
DA:62,0
DA:65,0
DA:70,2
DA:71,0
DA:72,0
DA:75,2
DA:76,2
DA:77,2
DA:78,2
DA:79,3
DA:80,2
DA:81,2
DA:85,2
DA:86,0
DA:87,0
DA:89,2
DA:92,2
DA:97,2
DA:98,0
DA:99,0
DA:102,2
DA:105,2
DA:107,2
DA:108,2
DA:109,4
DA:110,2
DA:111,2
DA:115,2
DA:116,0
DA:117,0
DA:119,2
DA:122,2
DA:126,1
DA:127,0
DA:128,0
DA:129,0
DA:130,0
DA:136,1
DA:137,0
DA:138,0
DA:139,0
DA:140,0
DA:145,1
DA:146,1
DA:147,1
DA:148,1
DA:149,1
DA:150,1
DA:152,1
DA:153,0
DA:156,0
DA:158,1
DA:159,1
DA:160,1
DA:165,0
DA:166,0
DA:167,0
DA:168,0
DA:170,0
DA:171,0
DA:172,0
DA:173,0
DA:174,0
DA:180,0
DA:181,0
DA:182,0
DA:186,0
DA:187,0
DA:188,0
DA:189,0
DA:190,0
DA:196,0
DA:200,0
DA:201,0
DA:202,0
DA:203,0
DA:205,0
DA:206,0
DA:207,0
DA:208,0
DA:210,0
DA:211,0
DA:212,0
DA:213,0
DA:214,0
DA:215,0
DA:218,1
LF:114
LH:45
BRDA:24,0,0,2
BRDA:24,0,1,5
BRDA:24,1,0,7
BRDA:24,1,1,6
BRDA:36,2,0,0
BRDA:36,2,1,0
BRDA:40,3,0,0
BRDA:40,3,1,0
BRDA:45,4,0,0
BRDA:45,4,1,0
BRDA:57,5,0,0
BRDA:57,5,1,0
BRDA:59,6,0,0
BRDA:59,6,1,0
BRDA:70,7,0,0
BRDA:70,7,1,2
BRDA:79,8,0,2
BRDA:79,8,1,1
BRDA:85,9,0,0
BRDA:85,9,1,2
BRDA:97,10,0,0
BRDA:97,10,1,2
BRDA:109,11,0,2
BRDA:109,11,1,2
BRDA:115,12,0,0
BRDA:115,12,1,2
BRDA:149,13,0,1
BRDA:149,13,1,0
BRDA:149,14,0,1
BRDA:149,14,1,0
BRDA:152,15,0,0
BRDA:152,15,1,1
BRDA:167,16,0,0
BRDA:167,16,1,0
BRDA:167,17,0,0
BRDA:167,17,1,0
BRDA:189,18,0,0
BRDA:189,18,1,0
BRF:38
BRH:15
end_of_record
